2015/11/19 09:00:55 [error] [exception.CHttpException.404] exception 'CHttpException' with message 'Unable to resolve the request "Index".' in C:\xampp\htdocs\yii\framework\web\CWebApplication.php:286
Stack trace:
#0 C:\xampp\htdocs\yii\framework\web\CWebApplication.php(141): CWebApplication->runController('')
#1 C:\xampp\htdocs\yii\framework\base\CApplication.php(184): CWebApplication->processRequest()
#2 C:\xampp\htdocs\yii\website\index.php(13): CApplication->run()
#3 {main}
REQUEST_URI=/yii/website/
---
2015/11/19 09:06:44 [error] [exception.CHttpException.404] exception 'CHttpException' with message 'Unable to resolve the request "Index".' in C:\xampp\htdocs\yii\framework\web\CWebApplication.php:286
Stack trace:
#0 C:\xampp\htdocs\yii\framework\web\CWebApplication.php(141): CWebApplication->runController('')
#1 C:\xampp\htdocs\yii\framework\base\CApplication.php(184): CWebApplication->processRequest()
#2 C:\xampp\htdocs\yii\website\index.php(13): CApplication->run()
#3 {main}
REQUEST_URI=/yii/website/
---
2015/11/19 09:07:39 [error] [exception.CHttpException.404] exception 'CHttpException' with message 'Unable to resolve the request "Index".' in C:\xampp\htdocs\yii\framework\web\CWebApplication.php:286
Stack trace:
#0 C:\xampp\htdocs\yii\framework\web\CWebApplication.php(141): CWebApplication->runController('')
#1 C:\xampp\htdocs\yii\framework\base\CApplication.php(184): CWebApplication->processRequest()
#2 C:\xampp\htdocs\yii\website\index.php(13): CApplication->run()
#3 {main}
REQUEST_URI=/yii/website/
---
2015/11/19 10:50:54 [error] [exception.CException] exception 'CException' with message 'CHttpRequest and its behaviors do not have a method or closure named "baseUrl".' in C:\xampp\htdocs\yii\framework\base\CComponent.php:266
Stack trace:
#0 C:\xampp\htdocs\yii\website\protected\controllers\IndexController.php(7): CComponent->__call('baseUrl', Array)
#1 C:\xampp\htdocs\yii\website\protected\controllers\IndexController.php(7): CHttpRequest->baseUrl()
#2 C:\xampp\htdocs\yii\framework\web\actions\CInlineAction.php(49): IndexController->actionIndex()
#3 C:\xampp\htdocs\yii\framework\web\CController.php(308): CInlineAction->runWithParams(Array)
#4 C:\xampp\htdocs\yii\framework\web\CController.php(286): CController->runAction(Object(CInlineAction))
#5 C:\xampp\htdocs\yii\framework\web\CController.php(265): CController->runActionWithFilters(Object(CInlineAction), Array)
#6 C:\xampp\htdocs\yii\framework\web\CWebApplication.php(282): CController->run('')
#7 C:\xampp\htdocs\yii\framework\web\CWebApplication.php(141): CWebApplication->runController('')
#8 C:\xampp\htdocs\yii\framework\base\CApplication.php(184): CWebApplication->processRequest()
#9 C:\xampp\htdocs\yii\website\index.php(13): CApplication->run()
#10 {main}
REQUEST_URI=/yii/website/
---
2015/11/19 12:17:30 [error] [exception.CHttpException.404] exception 'CHttpException' with message 'Unable to resolve the request "Yii".' in C:\xampp\htdocs\yii\framework\web\CWebApplication.php:286
Stack trace:
#0 C:\xampp\htdocs\yii\framework\web\CWebApplication.php(141): CWebApplication->runController('Yii')
#1 C:\xampp\htdocs\yii\framework\base\CApplication.php(184): CWebApplication->processRequest()
#2 C:\xampp\htdocs\yii\website\index.php(13): CApplication->run()
#3 {main}
REQUEST_URI=/yii/website/index.php?r=Yii
---
2015/11/19 12:17:36 [error] [exception.CHttpException.404] exception 'CHttpException' with message 'Unable to resolve the request "yii".' in C:\xampp\htdocs\yii\framework\web\CWebApplication.php:286
Stack trace:
#0 C:\xampp\htdocs\yii\framework\web\CWebApplication.php(141): CWebApplication->runController('yii')
#1 C:\xampp\htdocs\yii\framework\base\CApplication.php(184): CWebApplication->processRequest()
#2 C:\xampp\htdocs\yii\website\index.php(13): CApplication->run()
#3 {main}
REQUEST_URI=/yii/website/index.php?r=yii
---
2015/11/20 03:57:42 [error] [exception.CHttpException.404] exception 'CHttpException' with message 'Unable to resolve the request "admin.default.login".' in C:\xampp\htdocs\yii\framework\web\CWebApplication.php:286
Stack trace:
#0 C:\xampp\htdocs\yii\framework\web\CWebApplication.php(141): CWebApplication->runController('admin.default.l...')
#1 C:\xampp\htdocs\yii\framework\base\CApplication.php(184): CWebApplication->processRequest()
#2 C:\xampp\htdocs\yii\website\index.php(13): CApplication->run()
#3 {main}
REQUEST_URI=/yii/website/index.php?r=admin.default.login
---
2015/11/20 03:57:55 [error] [exception.CException] exception 'CException' with message 'DefaultController and its behaviors do not have a method or closure named "randerPartial".' in C:\xampp\htdocs\yii\framework\base\CComponent.php:266
Stack trace:
#0 C:\xampp\htdocs\yii\website\protected\modules\admin\controllers\DefaultController.php(12): CComponent->__call('randerPartial', Array)
#1 C:\xampp\htdocs\yii\website\protected\modules\admin\controllers\DefaultController.php(12): DefaultController->randerPartial('login', Array)
#2 C:\xampp\htdocs\yii\framework\web\actions\CInlineAction.php(49): DefaultController->actionLogin()
#3 C:\xampp\htdocs\yii\framework\web\CController.php(308): CInlineAction->runWithParams(Array)
#4 C:\xampp\htdocs\yii\framework\web\CController.php(286): CController->runAction(Object(CInlineAction))
#5 C:\xampp\htdocs\yii\framework\web\CController.php(265): CController->runActionWithFilters(Object(CInlineAction), Array)
#6 C:\xampp\htdocs\yii\framework\web\CWebApplication.php(282): CController->run('login')
#7 C:\xampp\htdocs\yii\framework\web\CWebApplication.php(141): CWebApplication->runController('admin/default/l...')
#8 C:\xampp\htdocs\yii\framework\base\CApplication.php(184): CWebApplication->processRequest()
#9 C:\xampp\htdocs\yii\website\index.php(13): CApplication->run()
#10 {main}
REQUEST_URI=/yii/website/index.php?r=admin/default/login
---
2015/11/20 05:21:27 [error] [php] include(capcha.php): failed to open stream: No such file or directory (C:\xampp\htdocs\yii\framework\YiiBase.php:432)
Stack trace:
#0 unknown(0): spl_autoload_call()
#1 C:\xampp\htdocs\yii\framework\YiiBase.php(303): class_exists()
#2 C:\xampp\htdocs\yii\framework\validators\CValidator.php(174): import()
#3 C:\xampp\htdocs\yii\framework\base\CModel.php(287): createValidator()
#4 C:\xampp\htdocs\yii\framework\base\CModel.php(260): LoginForm->createValidators()
#5 C:\xampp\htdocs\yii\framework\web\helpers\CHtml.php(2435): LoginForm->getValidators()
#6 C:\xampp\htdocs\yii\framework\web\helpers\CHtml.php(1533): activeInputField()
#7 C:\xampp\htdocs\yii\framework\web\widgets\CActiveForm.php(792): activeTextField()
#8 C:\xampp\htdocs\yii\website\protected\modules\admin\views\default\login.php(9): CActiveForm->textField()
#9 C:\xampp\htdocs\yii\framework\web\CBaseController.php(126): require()
#10 C:\xampp\htdocs\yii\framework\web\CBaseController.php(95): DefaultController->renderInternal()
#11 C:\xampp\htdocs\yii\framework\web\CController.php(869): DefaultController->renderFile()
#12 C:\xampp\htdocs\yii\framework\web\CController.php(782): DefaultController->renderPartial()
#13 C:\xampp\htdocs\yii\website\protected\modules\admin\controllers\DefaultController.php(12): DefaultController->render()
#14 C:\xampp\htdocs\yii\framework\web\actions\CInlineAction.php(49): DefaultController->actionLogin()
#15 C:\xampp\htdocs\yii\framework\web\CController.php(308): CInlineAction->runWithParams()
#16 C:\xampp\htdocs\yii\framework\web\CController.php(286): DefaultController->runAction()
#17 C:\xampp\htdocs\yii\framework\web\CController.php(265): DefaultController->runActionWithFilters()
#18 C:\xampp\htdocs\yii\framework\web\CWebApplication.php(282): DefaultController->run()
#19 C:\xampp\htdocs\yii\framework\web\CWebApplication.php(141): CWebApplication->runController()
#20 C:\xampp\htdocs\yii\framework\base\CApplication.php(184): CWebApplication->processRequest()
#21 C:\xampp\htdocs\yii\website\index.php(13): CWebApplication->run()
REQUEST_URI=/yii/website/index.php?r=admin/default/login
in C:\xampp\htdocs\yii\website\protected\modules\admin\views\default\login.php (9)
in C:\xampp\htdocs\yii\website\protected\modules\admin\controllers\DefaultController.php (12)
in C:\xampp\htdocs\yii\website\index.php (13)
2015/11/20 05:21:54 [error] [exception.CException] exception 'CException' with message 'Property "LoginForm.captcha" is not defined.' in C:\xampp\htdocs\yii\framework\base\CComponent.php:130
Stack trace:
#0 C:\xampp\htdocs\yii\framework\web\helpers\CHtml.php(2728): CComponent->__get('captcha')
#1 C:\xampp\htdocs\yii\framework\web\helpers\CHtml.php(2451): CHtml::resolveValue(Object(LoginForm), 'captcha')
#2 C:\xampp\htdocs\yii\framework\web\helpers\CHtml.php(1807): CHtml::activeInputField('password', Object(LoginForm), 'captcha', Array)
#3 C:\xampp\htdocs\yii\framework\web\widgets\CActiveForm.php(838): CHtml::activePasswordField(Object(LoginForm), 'captcha', Array)
#4 C:\xampp\htdocs\yii\website\protected\modules\admin\views\default\login.php(13): CActiveForm->passwordField(Object(LoginForm), 'captcha', Array)
#5 C:\xampp\htdocs\yii\framework\web\CBaseController.php(126): require('C:\xampp\htdocs...')
#6 C:\xampp\htdocs\yii\framework\web\CBaseController.php(95): CBaseController->renderInternal('C:\xampp\htdocs...', Array, true)
#7 C:\xampp\htdocs\yii\framework\web\CController.php(869): CBaseController->renderFile('C:\xampp\htdocs...', Array, true)
#8 C:\xampp\htdocs\yii\framework\web\CController.php(782): CController->renderPartial('login', Array, true)
#9 C:\xampp\htdocs\yii\website\protected\modules\admin\controllers\DefaultController.php(12): CController->render('login', Array)
#10 C:\xampp\htdocs\yii\framework\web\actions\CInlineAction.php(49): DefaultController->actionLogin()
#11 C:\xampp\htdocs\yii\framework\web\CController.php(308): CInlineAction->runWithParams(Array)
#12 C:\xampp\htdocs\yii\framework\web\CController.php(286): CController->runAction(Object(CInlineAction))
#13 C:\xampp\htdocs\yii\framework\web\CController.php(265): CController->runActionWithFilters(Object(CInlineAction), Array)
#14 C:\xampp\htdocs\yii\framework\web\CWebApplication.php(282): CController->run('login')
#15 C:\xampp\htdocs\yii\framework\web\CWebApplication.php(141): CWebApplication->runController('admin/default/l...')
#16 C:\xampp\htdocs\yii\framework\base\CApplication.php(184): CWebApplication->processRequest()
#17 C:\xampp\htdocs\yii\website\index.php(13): CApplication->run()
#18 {main}
REQUEST_URI=/yii/website/index.php?r=admin/default/login
HTTP_REFERER=http://localhost/yii/website/index.php?r=admin/default/login
---
2015/11/20 05:51:13 [error] [php] Undefined index: username (C:\xampp\htdocs\yii\website\protected\modules\admin\controllers\DefaultController.php:13)
Stack trace:
#0 C:\xampp\htdocs\yii\framework\web\CController.php(286): DefaultController->runAction()
#1 C:\xampp\htdocs\yii\framework\web\CController.php(265): DefaultController->runActionWithFilters()
#2 C:\xampp\htdocs\yii\framework\web\CWebApplication.php(282): DefaultController->run()
#3 C:\xampp\htdocs\yii\framework\web\CWebApplication.php(141): CWebApplication->runController()
#4 C:\xampp\htdocs\yii\framework\base\CApplication.php(184): CWebApplication->processRequest()
#5 C:\xampp\htdocs\yii\website\index.php(13): CWebApplication->run()
REQUEST_URI=/yii/website/index.php?r=admin/default/login
in C:\xampp\htdocs\yii\website\protected\modules\admin\controllers\DefaultController.php (13)
in C:\xampp\htdocs\yii\website\index.php (13)
2015/11/20 08:40:11 [error] [system.db.CDbCommand] CDbCommand::fetchAll() failed: SQLSTATE[42S02]: Base table or view not found: 1146 Table 'mytest.{{study}}' doesn't exist. The SQL statement executed was: SHOW FULL COLUMNS FROM `{{study}}`.
in C:\xampp\htdocs\yii\website\protected\modules\admin\controllers\DefaultController.php (11)
in C:\xampp\htdocs\yii\website\index.php (13)
2015/11/20 08:40:11 [error] [exception.CDbException] exception 'CDbException' with message 'The table "{{study}}" for active record class "User" cannot be found in the database.' in C:\xampp\htdocs\yii\framework\db\ar\CActiveRecord.php:2385
Stack trace:
#0 C:\xampp\htdocs\yii\framework\db\ar\CActiveRecord.php(411): CActiveRecordMetaData->__construct(Object(User))
#1 C:\xampp\htdocs\yii\framework\db\ar\CActiveRecord.php(661): CActiveRecord->getMetaData()
#2 C:\xampp\htdocs\yii\framework\db\ar\CActiveRecord.php(1355): CActiveRecord->getTableSchema()
#3 C:\xampp\htdocs\yii\framework\db\ar\CActiveRecord.php(1461): CActiveRecord->query(Object(CDbCriteria))
#4 C:\xampp\htdocs\yii\website\protected\modules\admin\controllers\DefaultController.php(11): CActiveRecord->find('username= :name', Array)
#5 C:\xampp\htdocs\yii\framework\web\actions\CInlineAction.php(49): DefaultController->actionIndex()
#6 C:\xampp\htdocs\yii\framework\web\CController.php(308): CInlineAction->runWithParams(Array)
#7 C:\xampp\htdocs\yii\framework\web\CController.php(286): CController->runAction(Object(CInlineAction))
#8 C:\xampp\htdocs\yii\framework\web\CController.php(265): CController->runActionWithFilters(Object(CInlineAction), Array)
#9 C:\xampp\htdocs\yii\framework\web\CWebApplication.php(282): CController->run('index')
#10 C:\xampp\htdocs\yii\framework\web\CWebApplication.php(141): CWebApplication->runController('admin/default/i...')
#11 C:\xampp\htdocs\yii\framework\base\CApplication.php(184): CWebApplication->processRequest()
#12 C:\xampp\htdocs\yii\website\index.php(13): CApplication->run()
#13 {main}
REQUEST_URI=/yii/website/index.php?r=admin/default/index
---
2015/11/20 08:44:27 [error] [php] include(User.php): failed to open stream: No such file or directory (C:\xampp\htdocs\yii\framework\YiiBase.php:432)
Stack trace:
#0 C:\xampp\htdocs\yii\website\protected\modules\admin\controllers\DefaultController.php(7): spl_autoload_call()
#1 C:\xampp\htdocs\yii\framework\web\actions\CInlineAction.php(49): DefaultController->actionIndex()
#2 C:\xampp\htdocs\yii\framework\web\CController.php(308): CInlineAction->runWithParams()
#3 C:\xampp\htdocs\yii\framework\web\CController.php(286): DefaultController->runAction()
#4 C:\xampp\htdocs\yii\framework\web\CController.php(265): DefaultController->runActionWithFilters()
#5 C:\xampp\htdocs\yii\framework\web\CWebApplication.php(282): DefaultController->run()
#6 C:\xampp\htdocs\yii\framework\web\CWebApplication.php(141): CWebApplication->runController()
#7 C:\xampp\htdocs\yii\framework\base\CApplication.php(184): CWebApplication->processRequest()
#8 C:\xampp\htdocs\yii\website\index.php(13): CWebApplication->run()
REQUEST_URI=/yii/website/index.php?r=admin/default/index
in C:\xampp\htdocs\yii\website\protected\modules\admin\controllers\DefaultController.php (7)
in C:\xampp\htdocs\yii\website\index.php (13)
2015/11/20 08:44:37 [error] [php] include(User.php): failed to open stream: No such file or directory (C:\xampp\htdocs\yii\framework\YiiBase.php:432)
Stack trace:
#0 C:\xampp\htdocs\yii\website\protected\modules\admin\controllers\DefaultController.php(7): spl_autoload_call()
#1 C:\xampp\htdocs\yii\framework\web\actions\CInlineAction.php(49): DefaultController->actionIndex()
#2 C:\xampp\htdocs\yii\framework\web\CController.php(308): CInlineAction->runWithParams()
#3 C:\xampp\htdocs\yii\framework\web\CController.php(286): DefaultController->runAction()
#4 C:\xampp\htdocs\yii\framework\web\CController.php(265): DefaultController->runActionWithFilters()
#5 C:\xampp\htdocs\yii\framework\web\CWebApplication.php(282): DefaultController->run()
#6 C:\xampp\htdocs\yii\framework\web\CWebApplication.php(141): CWebApplication->runController()
#7 C:\xampp\htdocs\yii\framework\base\CApplication.php(184): CWebApplication->processRequest()
#8 C:\xampp\htdocs\yii\website\index.php(13): CWebApplication->run()
REQUEST_URI=/yii/website/index.php?r=admin/default/index
in C:\xampp\htdocs\yii\website\protected\modules\admin\controllers\DefaultController.php (7)
in C:\xampp\htdocs\yii\website\index.php (13)
2015/11/20 08:45:21 [error] [system.db.CDbCommand] CDbCommand::fetchAll() failed: SQLSTATE[42S02]: Base table or view not found: 1146 Table 'mytest.{{study}}' doesn't exist. The SQL statement executed was: SHOW FULL COLUMNS FROM `{{study}}`.
in C:\xampp\htdocs\yii\website\protected\modules\admin\controllers\DefaultController.php (11)
in C:\xampp\htdocs\yii\website\index.php (13)
2015/11/20 08:45:21 [error] [exception.CDbException] exception 'CDbException' with message 'The table "{{study}}" for active record class "Mytest" cannot be found in the database.' in C:\xampp\htdocs\yii\framework\db\ar\CActiveRecord.php:2385
Stack trace:
#0 C:\xampp\htdocs\yii\framework\db\ar\CActiveRecord.php(411): CActiveRecordMetaData->__construct(Object(Mytest))
#1 C:\xampp\htdocs\yii\framework\db\ar\CActiveRecord.php(661): CActiveRecord->getMetaData()
#2 C:\xampp\htdocs\yii\framework\db\ar\CActiveRecord.php(1355): CActiveRecord->getTableSchema()
#3 C:\xampp\htdocs\yii\framework\db\ar\CActiveRecord.php(1461): CActiveRecord->query(Object(CDbCriteria))
#4 C:\xampp\htdocs\yii\website\protected\modules\admin\controllers\DefaultController.php(11): CActiveRecord->find('username= :name', Array)
#5 C:\xampp\htdocs\yii\framework\web\actions\CInlineAction.php(49): DefaultController->actionIndex()
#6 C:\xampp\htdocs\yii\framework\web\CController.php(308): CInlineAction->runWithParams(Array)
#7 C:\xampp\htdocs\yii\framework\web\CController.php(286): CController->runAction(Object(CInlineAction))
#8 C:\xampp\htdocs\yii\framework\web\CController.php(265): CController->runActionWithFilters(Object(CInlineAction), Array)
#9 C:\xampp\htdocs\yii\framework\web\CWebApplication.php(282): CController->run('index')
#10 C:\xampp\htdocs\yii\framework\web\CWebApplication.php(141): CWebApplication->runController('admin/default/i...')
#11 C:\xampp\htdocs\yii\framework\base\CApplication.php(184): CWebApplication->processRequest()
#12 C:\xampp\htdocs\yii\website\index.php(13): CApplication->run()
#13 {main}
REQUEST_URI=/yii/website/index.php?r=admin/default/index
---
2015/11/20 08:56:41 [error] [system.db.CDbCommand] CDbCommand::fetchAll() failed: SQLSTATE[42S02]: Base table or view not found: 1146 Table 'mytest.{{study}}' doesn't exist. The SQL statement executed was: SHOW FULL COLUMNS FROM `{{study}}`.
in C:\xampp\htdocs\yii\website\protected\modules\admin\controllers\DefaultController.php (11)
in C:\xampp\htdocs\yii\website\index.php (13)
2015/11/20 08:56:41 [error] [exception.CDbException] exception 'CDbException' with message 'The table "{{study}}" for active record class "Study" cannot be found in the database.' in C:\xampp\htdocs\yii\framework\db\ar\CActiveRecord.php:2385
Stack trace:
#0 C:\xampp\htdocs\yii\framework\db\ar\CActiveRecord.php(411): CActiveRecordMetaData->__construct(Object(Study))
#1 C:\xampp\htdocs\yii\framework\db\ar\CActiveRecord.php(661): CActiveRecord->getMetaData()
#2 C:\xampp\htdocs\yii\framework\db\ar\CActiveRecord.php(1355): CActiveRecord->getTableSchema()
#3 C:\xampp\htdocs\yii\framework\db\ar\CActiveRecord.php(1461): CActiveRecord->query(Object(CDbCriteria))
#4 C:\xampp\htdocs\yii\website\protected\modules\admin\controllers\DefaultController.php(11): CActiveRecord->find('username= :name', Array)
#5 C:\xampp\htdocs\yii\framework\web\actions\CInlineAction.php(49): DefaultController->actionIndex()
#6 C:\xampp\htdocs\yii\framework\web\CController.php(308): CInlineAction->runWithParams(Array)
#7 C:\xampp\htdocs\yii\framework\web\CController.php(286): CController->runAction(Object(CInlineAction))
#8 C:\xampp\htdocs\yii\framework\web\CController.php(265): CController->runActionWithFilters(Object(CInlineAction), Array)
#9 C:\xampp\htdocs\yii\framework\web\CWebApplication.php(282): CController->run('index')
#10 C:\xampp\htdocs\yii\framework\web\CWebApplication.php(141): CWebApplication->runController('admin/default/i...')
#11 C:\xampp\htdocs\yii\framework\base\CApplication.php(184): CWebApplication->processRequest()
#12 C:\xampp\htdocs\yii\website\index.php(13): CApplication->run()
#13 {main}
REQUEST_URI=/yii/website/index.php?r=admin/default/index
---
2015/11/20 08:58:44 [error] [system.db.CDbCommand] CDbCommand::fetchAll() failed: SQLSTATE[42S02]: Base table or view not found: 1146 Table 'mytest.{{study}}' doesn't exist. The SQL statement executed was: SHOW FULL COLUMNS FROM `{{study}}`.
in C:\xampp\htdocs\yii\website\protected\modules\admin\controllers\DefaultController.php (11)
in C:\xampp\htdocs\yii\website\index.php (13)
2015/11/20 08:58:44 [error] [exception.CDbException] exception 'CDbException' with message 'The table "{{study}}" for active record class "Study" cannot be found in the database.' in C:\xampp\htdocs\yii\framework\db\ar\CActiveRecord.php:2385
Stack trace:
#0 C:\xampp\htdocs\yii\framework\db\ar\CActiveRecord.php(411): CActiveRecordMetaData->__construct(Object(Study))
#1 C:\xampp\htdocs\yii\framework\db\ar\CActiveRecord.php(661): CActiveRecord->getMetaData()
#2 C:\xampp\htdocs\yii\framework\db\ar\CActiveRecord.php(1355): CActiveRecord->getTableSchema()
#3 C:\xampp\htdocs\yii\framework\db\ar\CActiveRecord.php(1461): CActiveRecord->query(Object(CDbCriteria))
#4 C:\xampp\htdocs\yii\website\protected\modules\admin\controllers\DefaultController.php(11): CActiveRecord->find('username= :name', Array)
#5 C:\xampp\htdocs\yii\framework\web\actions\CInlineAction.php(49): DefaultController->actionIndex()
#6 C:\xampp\htdocs\yii\framework\web\CController.php(308): CInlineAction->runWithParams(Array)
#7 C:\xampp\htdocs\yii\framework\web\CController.php(286): CController->runAction(Object(CInlineAction))
#8 C:\xampp\htdocs\yii\framework\web\CController.php(265): CController->runActionWithFilters(Object(CInlineAction), Array)
#9 C:\xampp\htdocs\yii\framework\web\CWebApplication.php(282): CController->run('index')
#10 C:\xampp\htdocs\yii\framework\web\CWebApplication.php(141): CWebApplication->runController('admin/default/i...')
#11 C:\xampp\htdocs\yii\framework\base\CApplication.php(184): CWebApplication->processRequest()
#12 C:\xampp\htdocs\yii\website\index.php(13): CApplication->run()
#13 {main}
REQUEST_URI=/yii/website/index.php?r=admin/default/index
---
2015/11/20 08:58:45 [error] [system.db.CDbCommand] CDbCommand::fetchAll() failed: SQLSTATE[42S02]: Base table or view not found: 1146 Table 'mytest.{{study}}' doesn't exist. The SQL statement executed was: SHOW FULL COLUMNS FROM `{{study}}`.
in C:\xampp\htdocs\yii\website\protected\modules\admin\controllers\DefaultController.php (11)
in C:\xampp\htdocs\yii\website\index.php (13)
2015/11/20 08:58:45 [error] [exception.CDbException] exception 'CDbException' with message 'The table "{{study}}" for active record class "Study" cannot be found in the database.' in C:\xampp\htdocs\yii\framework\db\ar\CActiveRecord.php:2385
Stack trace:
#0 C:\xampp\htdocs\yii\framework\db\ar\CActiveRecord.php(411): CActiveRecordMetaData->__construct(Object(Study))
#1 C:\xampp\htdocs\yii\framework\db\ar\CActiveRecord.php(661): CActiveRecord->getMetaData()
#2 C:\xampp\htdocs\yii\framework\db\ar\CActiveRecord.php(1355): CActiveRecord->getTableSchema()
#3 C:\xampp\htdocs\yii\framework\db\ar\CActiveRecord.php(1461): CActiveRecord->query(Object(CDbCriteria))
#4 C:\xampp\htdocs\yii\website\protected\modules\admin\controllers\DefaultController.php(11): CActiveRecord->find('username= :name', Array)
#5 C:\xampp\htdocs\yii\framework\web\actions\CInlineAction.php(49): DefaultController->actionIndex()
#6 C:\xampp\htdocs\yii\framework\web\CController.php(308): CInlineAction->runWithParams(Array)
#7 C:\xampp\htdocs\yii\framework\web\CController.php(286): CController->runAction(Object(CInlineAction))
#8 C:\xampp\htdocs\yii\framework\web\CController.php(265): CController->runActionWithFilters(Object(CInlineAction), Array)
#9 C:\xampp\htdocs\yii\framework\web\CWebApplication.php(282): CController->run('index')
#10 C:\xampp\htdocs\yii\framework\web\CWebApplication.php(141): CWebApplication->runController('admin/default/i...')
#11 C:\xampp\htdocs\yii\framework\base\CApplication.php(184): CWebApplication->processRequest()
#12 C:\xampp\htdocs\yii\website\index.php(13): CApplication->run()
#13 {main}
REQUEST_URI=/yii/website/index.php?r=admin/default/index
---
2015/11/20 08:58:50 [error] [system.db.CDbCommand] CDbCommand::fetchAll() failed: SQLSTATE[42S02]: Base table or view not found: 1146 Table 'mytest.{{study}}' doesn't exist. The SQL statement executed was: SHOW FULL COLUMNS FROM `{{study}}`.
in C:\xampp\htdocs\yii\website\protected\modules\admin\controllers\DefaultController.php (11)
in C:\xampp\htdocs\yii\website\index.php (13)
2015/11/20 08:58:50 [error] [exception.CDbException] exception 'CDbException' with message 'The table "{{study}}" for active record class "Study" cannot be found in the database.' in C:\xampp\htdocs\yii\framework\db\ar\CActiveRecord.php:2385
Stack trace:
#0 C:\xampp\htdocs\yii\framework\db\ar\CActiveRecord.php(411): CActiveRecordMetaData->__construct(Object(Study))
#1 C:\xampp\htdocs\yii\framework\db\ar\CActiveRecord.php(661): CActiveRecord->getMetaData()
#2 C:\xampp\htdocs\yii\framework\db\ar\CActiveRecord.php(1355): CActiveRecord->getTableSchema()
#3 C:\xampp\htdocs\yii\framework\db\ar\CActiveRecord.php(1461): CActiveRecord->query(Object(CDbCriteria))
#4 C:\xampp\htdocs\yii\website\protected\modules\admin\controllers\DefaultController.php(11): CActiveRecord->find('username= :name', Array)
#5 C:\xampp\htdocs\yii\framework\web\actions\CInlineAction.php(49): DefaultController->actionIndex()
#6 C:\xampp\htdocs\yii\framework\web\CController.php(308): CInlineAction->runWithParams(Array)
#7 C:\xampp\htdocs\yii\framework\web\CController.php(286): CController->runAction(Object(CInlineAction))
#8 C:\xampp\htdocs\yii\framework\web\CController.php(265): CController->runActionWithFilters(Object(CInlineAction), Array)
#9 C:\xampp\htdocs\yii\framework\web\CWebApplication.php(282): CController->run('index')
#10 C:\xampp\htdocs\yii\framework\web\CWebApplication.php(141): CWebApplication->runController('admin/default/i...')
#11 C:\xampp\htdocs\yii\framework\base\CApplication.php(184): CWebApplication->processRequest()
#12 C:\xampp\htdocs\yii\website\index.php(13): CApplication->run()
#13 {main}
REQUEST_URI=/yii/website/index.php?r=admin/default/index
---
2015/11/20 08:59:41 [error] [system.db.CDbCommand] CDbCommand::fetchAll() failed: SQLSTATE[42S02]: Base table or view not found: 1146 Table 'mytest.{study}' doesn't exist. The SQL statement executed was: SHOW FULL COLUMNS FROM `{study}`.
in C:\xampp\htdocs\yii\website\protected\modules\admin\controllers\DefaultController.php (11)
in C:\xampp\htdocs\yii\website\index.php (13)
2015/11/20 08:59:41 [error] [exception.CDbException] exception 'CDbException' with message 'The table "{study}" for active record class "Study" cannot be found in the database.' in C:\xampp\htdocs\yii\framework\db\ar\CActiveRecord.php:2385
Stack trace:
#0 C:\xampp\htdocs\yii\framework\db\ar\CActiveRecord.php(411): CActiveRecordMetaData->__construct(Object(Study))
#1 C:\xampp\htdocs\yii\framework\db\ar\CActiveRecord.php(661): CActiveRecord->getMetaData()
#2 C:\xampp\htdocs\yii\framework\db\ar\CActiveRecord.php(1355): CActiveRecord->getTableSchema()
#3 C:\xampp\htdocs\yii\framework\db\ar\CActiveRecord.php(1461): CActiveRecord->query(Object(CDbCriteria))
#4 C:\xampp\htdocs\yii\website\protected\modules\admin\controllers\DefaultController.php(11): CActiveRecord->find('username= :name', Array)
#5 C:\xampp\htdocs\yii\framework\web\actions\CInlineAction.php(49): DefaultController->actionIndex()
#6 C:\xampp\htdocs\yii\framework\web\CController.php(308): CInlineAction->runWithParams(Array)
#7 C:\xampp\htdocs\yii\framework\web\CController.php(286): CController->runAction(Object(CInlineAction))
#8 C:\xampp\htdocs\yii\framework\web\CController.php(265): CController->runActionWithFilters(Object(CInlineAction), Array)
#9 C:\xampp\htdocs\yii\framework\web\CWebApplication.php(282): CController->run('index')
#10 C:\xampp\htdocs\yii\framework\web\CWebApplication.php(141): CWebApplication->runController('admin/default/i...')
#11 C:\xampp\htdocs\yii\framework\base\CApplication.php(184): CWebApplication->processRequest()
#12 C:\xampp\htdocs\yii\website\index.php(13): CApplication->run()
#13 {main}
REQUEST_URI=/yii/website/index.php?r=admin/default/index
---
